Resetting modules to system default. Reseting $MODULEPATH back to system default. All extra directories will be removed from $MODULEPATH.

[31m
*** ERROR ***
/home/emmanuel324/projects/belson324/KKS_large_largescale/6-25-25/BCrystal_1b/BCrystal_1b.i:1701.3:
The following error occurred in the TimeStepper 'IterationAdaptiveDT' of type IterationAdaptiveDT.

Solve failed and timestep already at dtmin, cannot continue![39m

Abort(1) on node 1 (rank 1 in comm 0): application called MPI_Abort(MPI_COMM_WORLD, 1) - process 1

[31m
*** ERROR ***
/home/emmanuel324/projects/belson324/KKS_large_largescale/6-25-25/BCrystal_1b/BCrystal_1b.i:1701.3:
The following error occurred in the TimeStepper 'IterationAdaptiveDT' of type IterationAdaptiveDT.

Solve failed and timestep already at dtmin, cannot continue![39m

Abort(1) on node 3 (rank 3 in comm 0): application called MPI_Abort(MPI_COMM_WORLD, 1) - process 3

[31m
*** ERROR ***
/home/emmanuel324/projects/belson324/KKS_large_largescale/6-25-25/BCrystal_1b/BCrystal_1b.i:1701.3:
The following error occurred in the TimeStepper 'IterationAdaptiveDT' of type IterationAdaptiveDT.

Solve failed and timestep already at dtmin, cannot continue![39m

Abort(1) on node 7 (rank 7 in comm 0): application called MPI_Abort(MPI_COMM_WORLD, 1) - process 7

[31m
*** ERROR ***
/home/emmanuel324/projects/belson324/KKS_large_largescale/6-25-25/BCrystal_1b/BCrystal_1b.i:1701.3:
The following error occurred in the TimeStepper 'IterationAdaptiveDT' of type IterationAdaptiveDT.

Solve failed and timestep already at dtmin, cannot continue![39m

Abort(1) on node 9 (rank 9 in comm 0): application called MPI_Abort(MPI_COMM_WORLD, 1) - process 9

[31m
*** ERROR ***
/home/emmanuel324/projects/belson324/KKS_large_largescale/6-25-25/BCrystal_1b/BCrystal_1b.i:1701.3:
The following error occurred in the TimeStepper 'IterationAdaptiveDT' of type IterationAdaptiveDT.

Solve failed and timestep already at dtmin, cannot continue![39m

Abort(1) on node 5 (rank 5 in comm 0): application called MPI_Abort(MPI_COMM_WORLD, 1) - process 5

[31m
*** ERROR ***
/home/emmanuel324/projects/belson324/KKS_large_largescale/6-25-25/BCrystal_1b/BCrystal_1b.i:1701.3:
The following error occurred in the TimeStepper 'IterationAdaptiveDT' of type IterationAdaptiveDT.

Solve failed and timestep already at dtmin, cannot continue![39m

Abort(1) on node 2 (rank 2 in comm 0): application called MPI_Abort(MPI_COMM_WORLD, 1) - process 2

[31m
*** ERROR ***
/home/emmanuel324/projects/belson324/KKS_large_largescale/6-25-25/BCrystal_1b/BCrystal_1b.i:1701.3:
The following error occurred in the TimeStepper 'IterationAdaptiveDT' of type IterationAdaptiveDT.

Solve failed and timestep already at dtmin, cannot continue![39m

Abort(1) on node 8 (rank 8 in comm 0): application called MPI_Abort(MPI_COMM_WORLD, 1) - process 8

[31m
*** ERROR ***
/home/emmanuel324/projects/belson324/KKS_large_largescale/6-25-25/BCrystal_1b/BCrystal_1b.i:1701.3:
The following error occurred in the TimeStepper 'IterationAdaptiveDT' of type IterationAdaptiveDT.

Solve failed and timestep already at dtmin, cannot continue![39m

Abort(1) on node 4 (rank 4 in comm 0): application called MPI_Abort(MPI_COMM_WORLD, 1) - process 4

[31m
*** ERROR ***
/home/emmanuel324/projects/belson324/KKS_large_largescale/6-25-25/BCrystal_1b/BCrystal_1b.i:1701.3:
The following error occurred in the TimeStepper 'IterationAdaptiveDT' of type IterationAdaptiveDT.

Solve failed and timestep already at dtmin, cannot continue![39m

Abort(1) on node 6 (rank 6 in comm 0): application called MPI_Abort(MPI_COMM_WORLD, 1) - process 6

[31m
*** ERROR ***
/home/emmanuel324/projects/belson324/KKS_large_largescale/6-25-25/BCrystal_1b/BCrystal_1b.i:1701.3:
The following error occurred in the TimeStepper 'IterationAdaptiveDT' of type IterationAdaptiveDT.

Solve failed and timestep already at dtmin, cannot continue![39m

Abort(1) on node 0 (rank 0 in comm 0): application called MPI_Abort(MPI_COMM_WORLD, 1) - process 0
slurmstepd: error: *** STEP 3175731.0 ON tc048 CANCELLED AT 2025-07-02T13:56:09 ***
srun: Job step aborted: Waiting up to 62 seconds for job step to finish.
slurmstepd: error: *** STEP 3175731.0 ON tc048 CANCELLED AT 2025-07-02T13:56:09 ***
srun: error: tc048: tasks 1-5,7: Aborted (core dumped)
srun: error: tc048: tasks 6,8: Aborted (core dumped)
srun: error: tc048: task 0: Aborted (core dumped)
srun: error: tc048: task 9: Aborted (core dumped)
