Resetting modules to system default. Reseting $MODULEPATH back to system default. All extra directories will be removed from $MODULEPATH.

[31m
*** ERROR ***
/home/emmanuel324/projects/belson324/KKS_large_largescale/11-14-25/BIN718_1/BIN718_1.i:1566.3:
The following error occurred in the TimeStepper 'IterationAdaptiveDT' of type IterationAdaptiveDT.

Solve failed and timestep already at dtmin, cannot continue![39m

Abort(1) on node 15 (rank 15 in comm 0): application called MPI_Abort(MPI_COMM_WORLD, 1) - process 15

[31m
*** ERROR ***
/home/emmanuel324/projects/belson324/KKS_large_largescale/11-14-25/BIN718_1/BIN718_1.i:1566.3:
The following error occurred in the TimeStepper 'IterationAdaptiveDT' of type IterationAdaptiveDT.

Solve failed and timestep already at dtmin, cannot continue![39m

Abort(1) on node 18 (rank 18 in comm 0): application called MPI_Abort(MPI_COMM_WORLD, 1) - process 18

[31m
*** ERROR ***
/home/emmanuel324/projects/belson324/KKS_large_largescale/11-14-25/BIN718_1/BIN718_1.i:1566.3:
The following error occurred in the TimeStepper 'IterationAdaptiveDT' of type IterationAdaptiveDT.

Solve failed and timestep already at dtmin, cannot continue![39m

Abort(1) on node 0 (rank 0 in comm 0): application called MPI_Abort(MPI_COMM_WORLD, 1) - process 0

[31m
*** ERROR ***
/home/emmanuel324/projects/belson324/KKS_large_largescale/11-14-25/BIN718_1/BIN718_1.i:1566.3:
The following error occurred in the TimeStepper 'IterationAdaptiveDT' of type IterationAdaptiveDT.

Solve failed and timestep already at dtmin, cannot continue![39m

Abort(1) on node 1 (rank 1 in comm 0): application called MPI_Abort(MPI_COMM_WORLD, 1) - process 1

[31m
*** ERROR ***
/home/emmanuel324/projects/belson324/KKS_large_largescale/11-14-25/BIN718_1/BIN718_1.i:1566.3:
The following error occurred in the TimeStepper 'IterationAdaptiveDT' of type IterationAdaptiveDT.

Solve failed and timestep already at dtmin, cannot continue![39m

Abort(1) on node 2 (rank 2 in comm 0): application called MPI_Abort(MPI_COMM_WORLD, 1) - process 2

[31m
*** ERROR ***
/home/emmanuel324/projects/belson324/KKS_large_largescale/11-14-25/BIN718_1/BIN718_1.i:1566.3:
The following error occurred in the TimeStepper 'IterationAdaptiveDT' of type IterationAdaptiveDT.

Solve failed and timestep already at dtmin, cannot continue![39m

Abort(1) on node 3 (rank 3 in comm 0): application called MPI_Abort(MPI_COMM_WORLD, 1) - process 3

[31m
*** ERROR ***
/home/emmanuel324/projects/belson324/KKS_large_largescale/11-14-25/BIN718_1/BIN718_1.i:1566.3:
The following error occurred in the TimeStepper 'IterationAdaptiveDT' of type IterationAdaptiveDT.

Solve failed and timestep already at dtmin, cannot continue![39m

Abort(1) on node 4 (rank 4 in comm 0): application called MPI_Abort(MPI_COMM_WORLD, 1) - process 4

[31m
*** ERROR ***
/home/emmanuel324/projects/belson324/KKS_large_largescale/11-14-25/BIN718_1/BIN718_1.i:1566.3:
The following error occurred in the TimeStepper 'IterationAdaptiveDT' of type IterationAdaptiveDT.

Solve failed and timestep already at dtmin, cannot continue![39m

Abort(1) on node 5 (rank 5 in comm 0): application called MPI_Abort(MPI_COMM_WORLD, 1) - process 5

[31m
*** ERROR ***
/home/emmanuel324/projects/belson324/KKS_large_largescale/11-14-25/BIN718_1/BIN718_1.i:1566.3:
The following error occurred in the TimeStepper 'IterationAdaptiveDT' of type IterationAdaptiveDT.

Solve failed and timestep already at dtmin, cannot continue![39m

Abort(1) on node 6 (rank 6 in comm 0): application called MPI_Abort(MPI_COMM_WORLD, 1) - process 6

[31m
*** ERROR ***
/home/emmanuel324/projects/belson324/KKS_large_largescale/11-14-25/BIN718_1/BIN718_1.i:1566.3:
The following error occurred in the TimeStepper 'IterationAdaptiveDT' of type IterationAdaptiveDT.

Solve failed and timestep already at dtmin, cannot continue![39m

Abort(1) on node 7 (rank 7 in comm 0): application called MPI_Abort(MPI_COMM_WORLD, 1) - process 7

[31m
*** ERROR ***
/home/emmanuel324/projects/belson324/KKS_large_largescale/11-14-25/BIN718_1/BIN718_1.i:1566.3:
The following error occurred in the TimeStepper 'IterationAdaptiveDT' of type IterationAdaptiveDT.

Solve failed and timestep already at dtmin, cannot continue![39m

Abort(1) on node 13 (rank 13 in comm 0): application called MPI_Abort(MPI_COMM_WORLD, 1) - process 13

[31m
*** ERROR ***
/home/emmanuel324/projects/belson324/KKS_large_largescale/11-14-25/BIN718_1/BIN718_1.i:1566.3:
The following error occurred in the TimeStepper 'IterationAdaptiveDT' of type IterationAdaptiveDT.

Solve failed and timestep already at dtmin, cannot continue![39m

Abort(1) on node 16 (rank 16 in comm 0): application called MPI_Abort(MPI_COMM_WORLD, 1) - process 16

[31m
*** ERROR ***
/home/emmanuel324/projects/belson324/KKS_large_largescale/11-14-25/BIN718_1/BIN718_1.i:1566.3:
The following error occurred in the TimeStepper 'IterationAdaptiveDT' of type IterationAdaptiveDT.

Solve failed and timestep already at dtmin, cannot continue![39m

Abort(1) on node 17 (rank 17 in comm 0): application called MPI_Abort(MPI_COMM_WORLD, 1) - process 17

[31m
*** ERROR ***
/home/emmanuel324/projects/belson324/KKS_large_largescale/11-14-25/BIN718_1/BIN718_1.i:1566.3:
The following error occurred in the TimeStepper 'IterationAdaptiveDT' of type IterationAdaptiveDT.

Solve failed and timestep already at dtmin, cannot continue![39m

Abort(1) on node 19 (rank 19 in comm 0): application called MPI_Abort(MPI_COMM_WORLD, 1) - process 19

[31m
*** ERROR ***
/home/emmanuel324/projects/belson324/KKS_large_largescale/11-14-25/BIN718_1/BIN718_1.i:1566.3:
The following error occurred in the TimeStepper 'IterationAdaptiveDT' of type IterationAdaptiveDT.

Solve failed and timestep already at dtmin, cannot continue![39m

Abort(1) on node 20 (rank 20 in comm 0): application called MPI_Abort(MPI_COMM_WORLD, 1) - process 20

[31m
*** ERROR ***
/home/emmanuel324/projects/belson324/KKS_large_largescale/11-14-25/BIN718_1/BIN718_1.i:1566.3:
The following error occurred in the TimeStepper 'IterationAdaptiveDT' of type IterationAdaptiveDT.

Solve failed and timestep already at dtmin, cannot continue![39m

Abort(1) on node 21 (rank 21 in comm 0): application called MPI_Abort(MPI_COMM_WORLD, 1) - process 21

[31m
*** ERROR ***
/home/emmanuel324/projects/belson324/KKS_large_largescale/11-14-25/BIN718_1/BIN718_1.i:1566.3:
The following error occurred in the TimeStepper 'IterationAdaptiveDT' of type IterationAdaptiveDT.

Solve failed and timestep already at dtmin, cannot continue![39m

Abort(1) on node 23 (rank 23 in comm 0): application called MPI_Abort(MPI_COMM_WORLD, 1) - process 23

[31m
*** ERROR ***
/home/emmanuel324/projects/belson324/KKS_large_largescale/11-14-25/BIN718_1/BIN718_1.i:1566.3:
The following error occurred in the TimeStepper 'IterationAdaptiveDT' of type IterationAdaptiveDT.

Solve failed and timestep already at dtmin, cannot continue![39m

Abort(1) on node 24 (rank 24 in comm 0): application called MPI_Abort(MPI_COMM_WORLD, 1) - process 24

[31m
*** ERROR ***
/home/emmanuel324/projects/belson324/KKS_large_largescale/11-14-25/BIN718_1/BIN718_1.i:1566.3:
The following error occurred in the TimeStepper 'IterationAdaptiveDT' of type IterationAdaptiveDT.

Solve failed and timestep already at dtmin, cannot continue![39m

Abort(1) on node 25 (rank 25 in comm 0): application called MPI_Abort(MPI_COMM_WORLD, 1) - process 25

[31m
*** ERROR ***
/home/emmanuel324/projects/belson324/KKS_large_largescale/11-14-25/BIN718_1/BIN718_1.i:1566.3:
The following error occurred in the TimeStepper 'IterationAdaptiveDT' of type IterationAdaptiveDT.

Solve failed and timestep already at dtmin, cannot continue![39m

Abort(1) on node 8 (rank 8 in comm 0): application called MPI_Abort(MPI_COMM_WORLD, 1) - process 8

[31m
*** ERROR ***
/home/emmanuel324/projects/belson324/KKS_large_largescale/11-14-25/BIN718_1/BIN718_1.i:1566.3:
The following error occurred in the TimeStepper 'IterationAdaptiveDT' of type IterationAdaptiveDT.

Solve failed and timestep already at dtmin, cannot continue![39m

Abort(1) on node 9 (rank 9 in comm 0): application called MPI_Abort(MPI_COMM_WORLD, 1) - process 9

[31m
*** ERROR ***
/home/emmanuel324/projects/belson324/KKS_large_largescale/11-14-25/BIN718_1/BIN718_1.i:1566.3:
The following error occurred in the TimeStepper 'IterationAdaptiveDT' of type IterationAdaptiveDT.

Solve failed and timestep already at dtmin, cannot continue![39m

Abort(1) on node 10 (rank 10 in comm 0): application called MPI_Abort(MPI_COMM_WORLD, 1) - process 10

[31m
*** ERROR ***
/home/emmanuel324/projects/belson324/KKS_large_largescale/11-14-25/BIN718_1/BIN718_1.i:1566.3:
The following error occurred in the TimeStepper 'IterationAdaptiveDT' of type IterationAdaptiveDT.

Solve failed and timestep already at dtmin, cannot continue![39m

Abort(1) on node 11 (rank 11 in comm 0): application called MPI_Abort(MPI_COMM_WORLD, 1) - process 11

[31m
*** ERROR ***
/home/emmanuel324/projects/belson324/KKS_large_largescale/11-14-25/BIN718_1/BIN718_1.i:1566.3:
The following error occurred in the TimeStepper 'IterationAdaptiveDT' of type IterationAdaptiveDT.

Solve failed and timestep already at dtmin, cannot continue![39m

Abort(1) on node 12 (rank 12 in comm 0): application called MPI_Abort(MPI_COMM_WORLD, 1) - process 12

[31m
*** ERROR ***
/home/emmanuel324/projects/belson324/KKS_large_largescale/11-14-25/BIN718_1/BIN718_1.i:1566.3:
The following error occurred in the TimeStepper 'IterationAdaptiveDT' of type IterationAdaptiveDT.

Solve failed and timestep already at dtmin, cannot continue![39m

Abort(1) on node 14 (rank 14 in comm 0): application called MPI_Abort(MPI_COMM_WORLD, 1) - process 14

[31m
*** ERROR ***
/home/emmanuel324/projects/belson324/KKS_large_largescale/11-14-25/BIN718_1/BIN718_1.i:1566.3:
The following error occurred in the TimeStepper 'IterationAdaptiveDT' of type IterationAdaptiveDT.

Solve failed and timestep already at dtmin, cannot continue![39m

Abort(1) on node 22 (rank 22 in comm 0): application called MPI_Abort(MPI_COMM_WORLD, 1) - process 22

[31m
*** ERROR ***
/home/emmanuel324/projects/belson324/KKS_large_largescale/11-14-25/BIN718_1/BIN718_1.i:1566.3:
The following error occurred in the TimeStepper 'IterationAdaptiveDT' of type IterationAdaptiveDT.

Solve failed and timestep already at dtmin, cannot continue![39m

Abort(1) on node 26 (rank 26 in comm 0): application called MPI_Abort(MPI_COMM_WORLD, 1) - process 26

[31m
*** ERROR ***
/home/emmanuel324/projects/belson324/KKS_large_largescale/11-14-25/BIN718_1/BIN718_1.i:1566.3:
The following error occurred in the TimeStepper 'IterationAdaptiveDT' of type IterationAdaptiveDT.

Solve failed and timestep already at dtmin, cannot continue![39m

Abort(1) on node 27 (rank 27 in comm 0): application called MPI_Abort(MPI_COMM_WORLD, 1) - process 27

[31m
*** ERROR ***
/home/emmanuel324/projects/belson324/KKS_large_largescale/11-14-25/BIN718_1/BIN718_1.i:1566.3:
The following error occurred in the TimeStepper 'IterationAdaptiveDT' of type IterationAdaptiveDT.

Solve failed and timestep already at dtmin, cannot continue![39m

Abort(1) on node 28 (rank 28 in comm 0): application called MPI_Abort(MPI_COMM_WORLD, 1) - process 28

[31m
*** ERROR ***
/home/emmanuel324/projects/belson324/KKS_large_largescale/11-14-25/BIN718_1/BIN718_1.i:1566.3:
The following error occurred in the TimeStepper 'IterationAdaptiveDT' of type IterationAdaptiveDT.

Solve failed and timestep already at dtmin, cannot continue![39m

Abort(1) on node 29 (rank 29 in comm 0): application called MPI_Abort(MPI_COMM_WORLD, 1) - process 29
slurmstepd: error: *** STEP 3684243.0 ON tc186 CANCELLED AT 2025-11-15T16:00:45 ***
srun: Job step aborted: Waiting up to 62 seconds for job step to finish.
srun: error: tc186: tasks 8-12,16-17,23-24,27-29: Aborted
srun: error: tc186: tasks 14,25: Aborted
srun: error: tc186: tasks 21-22: Aborted (core dumped)
srun: error: tc186: tasks 2,6,19-20: Aborted (core dumped)
srun: error: tc186: task 18: Aborted (core dumped)
srun: error: tc186: task 26: Aborted (core dumped)
srun: error: tc186: task 4: Aborted (core dumped)
srun: error: tc186: task 0: Aborted (core dumped)
srun: error: tc186: task 15: Aborted (core dumped)
srun: error: tc186: task 1: Aborted (core dumped)
srun: error: tc186: task 5: Aborted (core dumped)
srun: error: tc186: task 7: Aborted (core dumped)
srun: error: tc186: task 13: Aborted (core dumped)
srun: error: tc186: task 3: Aborted (core dumped)
